2023-02-09 09:41:24.973  INFO 536510 --- [restartedMain] c.e.m.MsavaliadorcreditoApplication      : Starting MsavaliadorcreditoApplication using Java 11.0.17 on N1004703 with PID 536510 (/home/ana-meira/PROJETOS_REFERENCIA/MICROSERVICES/msavaliadorcredito/target/classes started by ana-meira in /home/ana-meira/PROJETOS_REFERENCIA/MICROSERVICES/msavaliadorcredito)
2023-02-09 09:41:24.979  INFO 536510 --- [restartedMain] c.e.m.MsavaliadorcreditoApplication      : No active profile set, falling back to 1 default profile: "default"
2023-02-09 09:41:25.066  INFO 536510 --- [restartedMain] .e.DevToolsPropertyDefaultsPostProcessor : Devtools property defaults active! Set 'spring.devtools.add-properties' to 'false' to disable
2023-02-09 09:41:25.066  INFO 536510 --- [restartedMain] .e.DevToolsPropertyDefaultsPostProcessor : For additional web related logging consider setting the 'logging.level.web' property to 'DEBUG'
2023-02-09 09:41:26.218  INFO 536510 --- [restartedMain] o.s.cloud.context.scope.GenericScope     : BeanFactory id=f623af49-9e57-38a1-bc96-4274025ad599
2023-02-09 09:41:26.776  INFO 536510 --- [restartedMain] o.s.b.w.embedded.tomcat.TomcatWebServer  : Tomcat initialized with port(s): 8450 (http)
2023-02-09 09:41:26.784  INFO 536510 --- [restartedMain] o.apache.catalina.core.StandardService   : Starting service [Tomcat]
2023-02-09 09:41:26.785  INFO 536510 --- [restartedMain] org.apache.catalina.core.StandardEngine  : Starting Servlet engine: [Apache Tomcat/9.0.62]
2023-02-09 09:41:26.866  INFO 536510 --- [restartedMain] o.a.c.c.C.[Tomcat].[localhost].[/]       : Initializing Spring embedded WebApplicationContext
2023-02-09 09:41:26.866  INFO 536510 --- [restartedMain] w.s.c.ServletWebServerApplicationContext : Root WebApplicationContext: initialization completed in 1799 ms
2023-02-09 09:41:27.271  WARN 536510 --- [restartedMain] o.s.b.d.a.OptionalLiveReloadServer       : Unable to start LiveReload server
2023-02-09 09:41:27.316  INFO 536510 --- [restartedMain] o.s.c.openfeign.FeignClientFactoryBean   : For 'msclientes' URL not provided. Will try picking an instance via load-balancing.
2023-02-09 09:41:27.382  INFO 536510 --- [restartedMain] o.s.c.openfeign.FeignClientFactoryBean   : For 'mscartoes' URL not provided. Will try picking an instance via load-balancing.
2023-02-09 09:41:28.708  INFO 536510 --- [restartedMain] DiscoveryClientOptionalArgsConfiguration : Eureka HTTP Client uses RestTemplate.
2023-02-09 09:41:28.752  WARN 536510 --- [restartedMain] iguration$LoadBalancerCaffeineWarnLogger : Spring Cloud LoadBalancer is currently working with the default cache. While this cache implementation is useful for development and tests, it's recommended to use Caffeine cache in production.You can switch to using Caffeine cache, by adding it and org.springframework.cache.caffeine.CaffeineCacheManager to the classpath.
2023-02-09 09:41:28.759  INFO 536510 --- [restartedMain] o.s.b.a.e.web.EndpointLinksResolver      : Exposing 17 endpoint(s) beneath base path '/actuator'
2023-02-09 09:41:28.791  INFO 536510 --- [restartedMain] o.s.c.n.eureka.InstanceInfoFactory       : Setting initial instance status as: STARTING
2023-02-09 09:41:28.854  INFO 536510 --- [restartedMain] com.netflix.discovery.DiscoveryClient    : Initializing Eureka in region us-east-1
2023-02-09 09:41:28.859  INFO 536510 --- [restartedMain] c.n.d.s.r.aws.ConfigClusterResolver      : Resolving eureka endpoints via configuration
2023-02-09 09:41:28.884  INFO 536510 --- [restartedMain] com.netflix.discovery.DiscoveryClient    : Disable delta property : false
2023-02-09 09:41:28.884  INFO 536510 --- [restartedMain] com.netflix.discovery.DiscoveryClient    : Single vip registry refresh property : null
2023-02-09 09:41:28.884  INFO 536510 --- [restartedMain] com.netflix.discovery.DiscoveryClient    : Force full registry fetch : false
2023-02-09 09:41:28.884  INFO 536510 --- [restartedMain] com.netflix.discovery.DiscoveryClient    : Application is null : false
2023-02-09 09:41:28.885  INFO 536510 --- [restartedMain] com.netflix.discovery.DiscoveryClient    : Registered Applications size is zero : true
2023-02-09 09:41:28.885  INFO 536510 --- [restartedMain] com.netflix.discovery.DiscoveryClient    : Application version is -1: true
2023-02-09 09:41:28.885  INFO 536510 --- [restartedMain] com.netflix.discovery.DiscoveryClient    : Getting all instance registry info from the eureka server
2023-02-09 09:41:29.152  INFO 536510 --- [restartedMain] com.netflix.discovery.DiscoveryClient    : The response status is 200
2023-02-09 09:41:29.155  INFO 536510 --- [restartedMain] com.netflix.discovery.DiscoveryClient    : Starting heartbeat executor: renew interval is: 30
2023-02-09 09:41:29.158  INFO 536510 --- [restartedMain] c.n.discovery.InstanceInfoReplicator     : InstanceInfoReplicator onDemand update allowed rate per min is 4
2023-02-09 09:41:29.163  INFO 536510 --- [restartedMain] com.netflix.discovery.DiscoveryClient    : Discovery Client initialized at timestamp 1675946489162 with initial instances count: 5
2023-02-09 09:41:29.164  INFO 536510 --- [restartedMain] o.s.c.n.e.s.EurekaServiceRegistry        : Registering application MSAVALIADORCREDITO with eureka with status UP
2023-02-09 09:41:29.165  INFO 536510 --- [restartedMain] com.netflix.discovery.DiscoveryClient    : Saw local status change event StatusChangeEvent [timestamp=1675946489165, current=UP, previous=STARTING]
2023-02-09 09:41:29.166  INFO 536510 --- [DiscoveryClient-InstanceInfoReplicator-0] com.netflix.discovery.DiscoveryClient    : DiscoveryClient_MSAVALIADORCREDITO/192.168.0.112:msavaliadorcredito:8450: registering service...
2023-02-09 09:41:29.182  INFO 536510 --- [restartedMain] o.s.b.w.embedded.tomcat.TomcatWebServer  : Tomcat started on port(s): 8450 (http) with context path ''
2023-02-09 09:41:29.183  INFO 536510 --- [restartedMain] .s.c.n.e.s.EurekaAutoServiceRegistration : Updating port to 8450
2023-02-09 09:41:29.198  INFO 536510 --- [DiscoveryClient-InstanceInfoReplicator-0] com.netflix.discovery.DiscoveryClient    : DiscoveryClient_MSAVALIADORCREDITO/192.168.0.112:msavaliadorcredito:8450 - registration status: 204
2023-02-09 09:41:29.245  INFO 536510 --- [restartedMain] c.e.m.MsavaliadorcreditoApplication      : Started MsavaliadorcreditoApplication in 4.882 seconds (JVM running for 5.905)
2023-02-09 09:41:54.510  INFO 536510 --- [SpringApplicationShutdownHook] o.s.c.n.e.s.EurekaServiceRegistry        : Unregistering application MSAVALIADORCREDITO with eureka with status DOWN
2023-02-09 09:41:54.510  INFO 536510 --- [SpringApplicationShutdownHook] com.netflix.discovery.DiscoveryClient    : Saw local status change event StatusChangeEvent [timestamp=1675946514510, current=DOWN, previous=UP]
2023-02-09 09:41:54.511  INFO 536510 --- [DiscoveryClient-InstanceInfoReplicator-0] com.netflix.discovery.DiscoveryClient    : DiscoveryClient_MSAVALIADORCREDITO/192.168.0.112:msavaliadorcredito:8450: registering service...
2023-02-09 09:41:54.518  INFO 536510 --- [DiscoveryClient-InstanceInfoReplicator-0] com.netflix.discovery.DiscoveryClient    : DiscoveryClient_MSAVALIADORCREDITO/192.168.0.112:msavaliadorcredito:8450 - registration status: 204
2023-02-09 09:41:54.560  INFO 536510 --- [SpringApplicationShutdownHook] com.netflix.discovery.DiscoveryClient    : Shutting down DiscoveryClient ...
2023-02-09 09:41:57.562  INFO 536510 --- [SpringApplicationShutdownHook] com.netflix.discovery.DiscoveryClient    : Unregistering ...
2023-02-09 09:41:57.566  INFO 536510 --- [SpringApplicationShutdownHook] com.netflix.discovery.DiscoveryClient    : DiscoveryClient_MSAVALIADORCREDITO/192.168.0.112:msavaliadorcredito:8450 - deregister  status: 200
2023-02-09 09:41:57.572  INFO 536510 --- [SpringApplicationShutdownHook] com.netflix.discovery.DiscoveryClient    : Completed shut down of DiscoveryClient
2023-02-09 09:42:00.547  INFO 536716 --- [restartedMain] c.e.m.MsavaliadorcreditoApplication      : Starting MsavaliadorcreditoApplication using Java 11.0.17 on N1004703 with PID 536716 (/home/ana-meira/PROJETOS_REFERENCIA/MICROSERVICES/msavaliadorcredito/target/classes started by ana-meira in /home/ana-meira/PROJETOS_REFERENCIA/MICROSERVICES/msavaliadorcredito)
2023-02-09 09:42:00.549  INFO 536716 --- [restartedMain] c.e.m.MsavaliadorcreditoApplication      : No active profile set, falling back to 1 default profile: "default"
2023-02-09 09:42:00.614  INFO 536716 --- [restartedMain] .e.DevToolsPropertyDefaultsPostProcessor : Devtools property defaults active! Set 'spring.devtools.add-properties' to 'false' to disable
2023-02-09 09:42:00.615  INFO 536716 --- [restartedMain] .e.DevToolsPropertyDefaultsPostProcessor : For additional web related logging consider setting the 'logging.level.web' property to 'DEBUG'
2023-02-09 09:42:01.900  INFO 536716 --- [restartedMain] o.s.cloud.context.scope.GenericScope     : BeanFactory id=f623af49-9e57-38a1-bc96-4274025ad599
2023-02-09 09:42:02.447  INFO 536716 --- [restartedMain] o.s.b.w.embedded.tomcat.TomcatWebServer  : Tomcat initialized with port(s): 8450 (http)
2023-02-09 09:42:02.456  INFO 536716 --- [restartedMain] o.apache.catalina.core.StandardService   : Starting service [Tomcat]
2023-02-09 09:42:02.456  INFO 536716 --- [restartedMain] org.apache.catalina.core.StandardEngine  : Starting Servlet engine: [Apache Tomcat/9.0.62]
2023-02-09 09:42:02.546  INFO 536716 --- [restartedMain] o.a.c.c.C.[Tomcat].[localhost].[/]       : Initializing Spring embedded WebApplicationContext
2023-02-09 09:42:02.547  INFO 536716 --- [restartedMain] w.s.c.ServletWebServerApplicationContext : Root WebApplicationContext: initialization completed in 1931 ms
2023-02-09 09:42:03.022  WARN 536716 --- [restartedMain] o.s.b.d.a.OptionalLiveReloadServer       : Unable to start LiveReload server
2023-02-09 09:42:03.069  INFO 536716 --- [restartedMain] o.s.c.openfeign.FeignClientFactoryBean   : For 'msclientes' URL not provided. Will try picking an instance via load-balancing.
2023-02-09 09:42:03.145  INFO 536716 --- [restartedMain] o.s.c.openfeign.FeignClientFactoryBean   : For 'mscartoes' URL not provided. Will try picking an instance via load-balancing.
2023-02-09 09:42:04.708  INFO 536716 --- [restartedMain] DiscoveryClientOptionalArgsConfiguration : Eureka HTTP Client uses RestTemplate.
2023-02-09 09:42:04.779  WARN 536716 --- [restartedMain] iguration$LoadBalancerCaffeineWarnLogger : Spring Cloud LoadBalancer is currently working with the default cache. While this cache implementation is useful for development and tests, it's recommended to use Caffeine cache in production.You can switch to using Caffeine cache, by adding it and org.springframework.cache.caffeine.CaffeineCacheManager to the classpath.
2023-02-09 09:42:04.793  INFO 536716 --- [restartedMain] o.s.b.a.e.web.EndpointLinksResolver      : Exposing 17 endpoint(s) beneath base path '/actuator'
2023-02-09 09:42:04.845  INFO 536716 --- [restartedMain] o.s.c.n.eureka.InstanceInfoFactory       : Setting initial instance status as: STARTING
2023-02-09 09:42:04.935  INFO 536716 --- [restartedMain] com.netflix.discovery.DiscoveryClient    : Initializing Eureka in region us-east-1
2023-02-09 09:42:04.941  INFO 536716 --- [restartedMain] c.n.d.s.r.aws.ConfigClusterResolver      : Resolving eureka endpoints via configuration
2023-02-09 09:42:04.965  INFO 536716 --- [restartedMain] com.netflix.discovery.DiscoveryClient    : Disable delta property : false
2023-02-09 09:42:04.965  INFO 536716 --- [restartedMain] com.netflix.discovery.DiscoveryClient    : Single vip registry refresh property : null
2023-02-09 09:42:04.965  INFO 536716 --- [restartedMain] com.netflix.discovery.DiscoveryClient    : Force full registry fetch : false
2023-02-09 09:42:04.966  INFO 536716 --- [restartedMain] com.netflix.discovery.DiscoveryClient    : Application is null : false
2023-02-09 09:42:04.966  INFO 536716 --- [restartedMain] com.netflix.discovery.DiscoveryClient    : Registered Applications size is zero : true
2023-02-09 09:42:04.966  INFO 536716 --- [restartedMain] com.netflix.discovery.DiscoveryClient    : Application version is -1: true
2023-02-09 09:42:04.966  INFO 536716 --- [restartedMain] com.netflix.discovery.DiscoveryClient    : Getting all instance registry info from the eureka server
2023-02-09 09:42:05.274  INFO 536716 --- [restartedMain] com.netflix.discovery.DiscoveryClient    : The response status is 200
2023-02-09 09:42:05.277  INFO 536716 --- [restartedMain] com.netflix.discovery.DiscoveryClient    : Starting heartbeat executor: renew interval is: 30
2023-02-09 09:42:05.280  INFO 536716 --- [restartedMain] c.n.discovery.InstanceInfoReplicator     : InstanceInfoReplicator onDemand update allowed rate per min is 4
2023-02-09 09:42:05.286  INFO 536716 --- [restartedMain] com.netflix.discovery.DiscoveryClient    : Discovery Client initialized at timestamp 1675946525285 with initial instances count: 6
2023-02-09 09:42:05.289  INFO 536716 --- [restartedMain] o.s.c.n.e.s.EurekaServiceRegistry        : Registering application MSAVALIADORCREDITO with eureka with status UP
2023-02-09 09:42:05.289  INFO 536716 --- [restartedMain] com.netflix.discovery.DiscoveryClient    : Saw local status change event StatusChangeEvent [timestamp=1675946525289, current=UP, previous=STARTING]
2023-02-09 09:42:05.291  INFO 536716 --- [DiscoveryClient-InstanceInfoReplicator-0] com.netflix.discovery.DiscoveryClient    : DiscoveryClient_MSAVALIADORCREDITO/192.168.0.112:msavaliadorcredito:8450: registering service...
2023-02-09 09:42:05.312  INFO 536716 --- [restartedMain] o.s.b.w.embedded.tomcat.TomcatWebServer  : Tomcat started on port(s): 8450 (http) with context path ''
2023-02-09 09:42:05.313  INFO 536716 --- [restartedMain] .s.c.n.e.s.EurekaAutoServiceRegistration : Updating port to 8450
2023-02-09 09:42:05.335  INFO 536716 --- [DiscoveryClient-InstanceInfoReplicator-0] com.netflix.discovery.DiscoveryClient    : DiscoveryClient_MSAVALIADORCREDITO/192.168.0.112:msavaliadorcredito:8450 - registration status: 204
2023-02-09 09:42:05.368  INFO 536716 --- [restartedMain] c.e.m.MsavaliadorcreditoApplication      : Started MsavaliadorcreditoApplication in 5.49 seconds (JVM running for 6.079)
2023-02-09 09:42:06.388  INFO 536716 --- [SpringApplicationShutdownHook] o.s.c.n.e.s.EurekaServiceRegistry        : Unregistering application MSAVALIADORCREDITO with eureka with status DOWN
2023-02-09 09:42:06.389  INFO 536716 --- [SpringApplicationShutdownHook] com.netflix.discovery.DiscoveryClient    : Saw local status change event StatusChangeEvent [timestamp=1675946526389, current=DOWN, previous=UP]
2023-02-09 09:42:06.389  INFO 536716 --- [DiscoveryClient-InstanceInfoReplicator-0] com.netflix.discovery.DiscoveryClient    : DiscoveryClient_MSAVALIADORCREDITO/192.168.0.112:msavaliadorcredito:8450: registering service...
2023-02-09 09:42:06.393  INFO 536716 --- [DiscoveryClient-InstanceInfoReplicator-0] com.netflix.discovery.DiscoveryClient    : DiscoveryClient_MSAVALIADORCREDITO/192.168.0.112:msavaliadorcredito:8450 - registration status: 204
2023-02-09 09:42:06.414  INFO 536716 --- [SpringApplicationShutdownHook] com.netflix.discovery.DiscoveryClient    : Shutting down DiscoveryClient ...
2023-02-09 09:42:09.419  INFO 536716 --- [SpringApplicationShutdownHook] com.netflix.discovery.DiscoveryClient    : Unregistering ...
2023-02-09 09:42:09.431  INFO 536716 --- [SpringApplicationShutdownHook] com.netflix.discovery.DiscoveryClient    : DiscoveryClient_MSAVALIADORCREDITO/192.168.0.112:msavaliadorcredito:8450 - deregister  status: 200
2023-02-09 09:42:09.450  INFO 536716 --- [SpringApplicationShutdownHook] com.netflix.discovery.DiscoveryClient    : Completed shut down of DiscoveryClient
